#! /usr/bin/vvp
:ivl_version "12.0 (stable)";
:ivl_delay_selection "TYPICAL";
:vpi_time_precision - 12;
:vpi_module "/usr/lib/x86_64-linux-gnu/ivl/system.vpi";
:vpi_module "/usr/lib/x86_64-linux-gnu/ivl/vhdl_sys.vpi";
:vpi_module "/usr/lib/x86_64-linux-gnu/ivl/vhdl_textio.vpi";
:vpi_module "/usr/lib/x86_64-linux-gnu/ivl/v2005_math.vpi";
:vpi_module "/usr/lib/x86_64-linux-gnu/ivl/va_math.vpi";
:vpi_module "/usr/lib/x86_64-linux-gnu/ivl/v2009.vpi";
S_0x58232e89ee00 .scope package, "$unit" "$unit" 2 1;
 .timescale 0 0;
S_0x58232e89ef90 .scope module, "tb_fifo" "tb_fifo" 3 3;
 .timescale -9 -12;
P_0x58232e88c2c0 .param/l "DEPTH" 0 3 6, +C4<00000000000000000000000000001000>;
P_0x58232e88c300 .param/l "WIDTH" 0 3 5, +C4<00000000000000000000000000001000>;
v0x58232e8c6f80_0 .var "clk", 0 0;
v0x58232e8c7040_0 .var "d_in", 7 0;
v0x58232e8c7110_0 .net "d_out", 7 0, v0x58232e8c65a0_0;  1 drivers
v0x58232e8c7210_0 .net "empty", 0 0, L_0x58232e8d7800;  1 drivers
v0x58232e8c72e0_0 .net "full", 0 0, L_0x58232e8d7ad0;  1 drivers
v0x58232e8c7380_0 .var/i "idx", 31 0;
v0x58232e8c7420_0 .var "rd_en", 0 0;
v0x58232e8c74f0_0 .var "rst_n", 0 0;
v0x58232e8c75c0_0 .var "wr_en", 0 0;
S_0x58232e85a500 .scope module, "dut" "sync_fifo" 3 24, 4 3 0, S_0x58232e89ef90;
 .timescale -9 -12;
    .port_info 0 /INPUT 1 "clk";
    .port_info 1 /INPUT 1 "rst_n";
    .port_info 2 /INPUT 1 "wr_en_i";
    .port_info 3 /INPUT 8 "din_i";
    .port_info 4 /INPUT 1 "rd_en_i";
    .port_info 5 /OUTPUT 8 "dout_o";
    .port_info 6 /OUTPUT 1 "full_o";
    .port_info 7 /OUTPUT 1 "empty_o";
P_0x58232e88a030 .param/l "DEPTH" 0 4 4, +C4<00000000000000000000000000001000>;
P_0x58232e88a070 .param/l "WIDTH" 0 4 5, +C4<00000000000000000000000000001000>;
P_0x58232e88a0b0 .param/l "nbit" 1 4 19, +C4<00000000000000000000000000000010>;
P_0x58232e88a0f0 .param/l "ncount" 1 4 22, +C4<00000000000000000000000000000011>;
v0x58232e890670_0 .net *"_ivl_0", 31 0, L_0x58232e8c7690;  1 drivers
L_0x7cd37404a0a8 .functor BUFT 1, C4<0000000000000000000000000000>, C4<0>, C4<0>, C4<0>;
v0x58232e8c5d80_0 .net *"_ivl_11", 27 0, L_0x7cd37404a0a8;  1 drivers
L_0x7cd37404a0f0 .functor BUFT 1, C4<00000000000000000000000000001000>, C4<0>, C4<0>, C4<0>;
v0x58232e8c5e60_0 .net/2u *"_ivl_12", 31 0, L_0x7cd37404a0f0;  1 drivers
L_0x7cd37404a018 .functor BUFT 1, C4<0000000000000000000000000000>, C4<0>, C4<0>, C4<0>;
v0x58232e8c5f50_0 .net *"_ivl_3", 27 0, L_0x7cd37404a018;  1 drivers
L_0x7cd37404a060 .functor BUFT 1, C4<00000000000000000000000000000000>, C4<0>, C4<0>, C4<0>;
v0x58232e8c6030_0 .net/2u *"_ivl_4", 31 0, L_0x7cd37404a060;  1 drivers
v0x58232e8c6160_0 .net *"_ivl_8", 31 0, L_0x58232e8d7990;  1 drivers
v0x58232e8c6240_0 .net "clk", 0 0, v0x58232e8c6f80_0;  1 drivers
v0x58232e8c6300_0 .var "count_d", 3 0;
v0x58232e8c63e0_0 .var "count_q", 3 0;
v0x58232e8c64c0_0 .net "din_i", 7 0, v0x58232e8c7040_0;  1 drivers
v0x58232e8c65a0_0 .var "dout_o", 7 0;
v0x58232e8c6680_0 .net "empty_o", 0 0, L_0x58232e8d7800;  alias, 1 drivers
v0x58232e8c6740_0 .net "full_o", 0 0, L_0x58232e8d7ad0;  alias, 1 drivers
v0x58232e8c6800 .array "mem", 7 0, 7 0;
v0x58232e8c68c0_0 .net "rd_en_i", 0 0, v0x58232e8c7420_0;  1 drivers
v0x58232e8c6980_0 .var "rdptr_d", 2 0;
v0x58232e8c6a60_0 .var "rdptr_q", 2 0;
v0x58232e8c6b40_0 .net "rst_n", 0 0, v0x58232e8c74f0_0;  1 drivers
v0x58232e8c6c00_0 .net "wr_en_i", 0 0, v0x58232e8c75c0_0;  1 drivers
v0x58232e8c6cc0_0 .var "wrptr_d", 2 0;
v0x58232e8c6da0_0 .var "wrptr_q", 2 0;
E_0x58232e8901e0 .event posedge, v0x58232e8c6240_0;
E_0x58232e8901a0/0 .event anyedge, v0x58232e8c6da0_0, v0x58232e8c6a60_0, v0x58232e8c63e0_0, v0x58232e8c6c00_0;
E_0x58232e8901a0/1 .event anyedge, v0x58232e8c68c0_0, v0x58232e8c6680_0, v0x58232e8c6740_0;
E_0x58232e8901a0 .event/or E_0x58232e8901a0/0, E_0x58232e8901a0/1;
L_0x58232e8c7690 .concat [ 4 28 0 0], v0x58232e8c63e0_0, L_0x7cd37404a018;
L_0x58232e8d7800 .cmp/eq 32, L_0x58232e8c7690, L_0x7cd37404a060;
L_0x58232e8d7990 .concat [ 4 28 0 0], v0x58232e8c63e0_0, L_0x7cd37404a0a8;
L_0x58232e8d7ad0 .cmp/eq 32, L_0x58232e8d7990, L_0x7cd37404a0f0;
    .scope S_0x58232e85a500;
T_0 ;
Ewait_0 .event/or E_0x58232e8901a0, E_0x0;
    %wait Ewait_0;
    %load/vec4 v0x58232e8c6da0_0;
    %store/vec4 v0x58232e8c6cc0_0, 0, 3;
    %load/vec4 v0x58232e8c6a60_0;
    %store/vec4 v0x58232e8c6980_0, 0, 3;
    %load/vec4 v0x58232e8c63e0_0;
    %store/vec4 v0x58232e8c6300_0, 0, 4;
    %load/vec4 v0x58232e8c6c00_0;
    %flag_set/vec4 9;
    %flag_get/vec4 9;
    %jmp/0 T_0.2, 9;
    %load/vec4 v0x58232e8c68c0_0;
    %and;
T_0.2;
    %flag_set/vec4 8;
    %jmp/0xz  T_0.0, 8;
    %load/vec4 v0x58232e8c6680_0;
    %nor/r;
    %flag_set/vec4 8;
    %jmp/0xz  T_0.3, 8;
    %load/vec4 v0x58232e8c6da0_0;
    %pad/u 32;
    %cmpi/e 7, 0, 32;
    %jmp/0xz  T_0.5, 4;
    %pushi/vec4 0, 0, 3;
    %store/vec4 v0x58232e8c6cc0_0, 0, 3;
    %jmp T_0.6;
T_0.5 ;
    %load/vec4 v0x58232e8c6da0_0;
    %addi 1, 0, 3;
    %store/vec4 v0x58232e8c6cc0_0, 0, 3;
T_0.6 ;
    %load/vec4 v0x58232e8c6a60_0;
    %pad/u 32;
    %cmpi/e 7, 0, 32;
    %jmp/0xz  T_0.7, 4;
    %pushi/vec4 0, 0, 3;
    %store/vec4 v0x58232e8c6980_0, 0, 3;
    %jmp T_0.8;
T_0.7 ;
    %load/vec4 v0x58232e8c6a60_0;
    %addi 1, 0, 3;
    %store/vec4 v0x58232e8c6980_0, 0, 3;
T_0.8 ;
    %load/vec4 v0x58232e8c63e0_0;
    %store/vec4 v0x58232e8c6300_0, 0, 4;
T_0.3 ;
    %jmp T_0.1;
T_0.0 ;
    %load/vec4 v0x58232e8c6c00_0;
    %flag_set/vec4 9;
    %flag_get/vec4 9;
    %jmp/0 T_0.11, 9;
    %load/vec4 v0x58232e8c6740_0;
    %nor/r;
    %and;
T_0.11;
    %flag_set/vec4 8;
    %jmp/0xz  T_0.9, 8;
    %load/vec4 v0x58232e8c6da0_0;
    %pad/u 32;
    %cmpi/e 7, 0, 32;
    %jmp/0xz  T_0.12, 4;
    %pushi/vec4 0, 0, 3;
    %store/vec4 v0x58232e8c6cc0_0, 0, 3;
    %jmp T_0.13;
T_0.12 ;
    %load/vec4 v0x58232e8c6da0_0;
    %addi 1, 0, 3;
    %store/vec4 v0x58232e8c6cc0_0, 0, 3;
T_0.13 ;
    %load/vec4 v0x58232e8c63e0_0;
    %addi 1, 0, 4;
    %store/vec4 v0x58232e8c6300_0, 0, 4;
    %jmp T_0.10;
T_0.9 ;
    %load/vec4 v0x58232e8c68c0_0;
    %flag_set/vec4 9;
    %flag_get/vec4 9;
    %jmp/0 T_0.16, 9;
    %load/vec4 v0x58232e8c6680_0;
    %nor/r;
    %and;
T_0.16;
    %flag_set/vec4 8;
    %jmp/0xz  T_0.14, 8;
    %load/vec4 v0x58232e8c6a60_0;
    %pad/u 32;
    %cmpi/e 7, 0, 32;
    %jmp/0xz  T_0.17, 4;
    %pushi/vec4 0, 0, 3;
    %store/vec4 v0x58232e8c6980_0, 0, 3;
    %jmp T_0.18;
T_0.17 ;
    %load/vec4 v0x58232e8c6a60_0;
    %addi 1, 0, 3;
    %store/vec4 v0x58232e8c6980_0, 0, 3;
T_0.18 ;
    %load/vec4 v0x58232e8c63e0_0;
    %subi 1, 0, 4;
    %store/vec4 v0x58232e8c6300_0, 0, 4;
T_0.14 ;
T_0.10 ;
T_0.1 ;
    %jmp T_0;
    .thread T_0, $push;
    .scope S_0x58232e85a500;
T_1 ;
    %wait E_0x58232e8901e0;
    %load/vec4 v0x58232e8c6b40_0;
    %nor/r;
    %flag_set/vec4 8;
    %jmp/0xz  T_1.0, 8;
    %pushi/vec4 0, 0, 3;
    %assign/vec4 v0x58232e8c6da0_0, 0;
    %pushi/vec4 0, 0, 3;
    %assign/vec4 v0x58232e8c6a60_0, 0;
    %pushi/vec4 0, 0, 4;
    %assign/vec4 v0x58232e8c63e0_0, 0;
    %pushi/vec4 0, 0, 8;
    %assign/vec4 v0x58232e8c65a0_0, 0;
    %jmp T_1.1;
T_1.0 ;
    %load/vec4 v0x58232e8c6cc0_0;
    %assign/vec4 v0x58232e8c6da0_0, 0;
    %load/vec4 v0x58232e8c6980_0;
    %assign/vec4 v0x58232e8c6a60_0, 0;
    %load/vec4 v0x58232e8c6300_0;
    %assign/vec4 v0x58232e8c63e0_0, 0;
    %load/vec4 v0x58232e8c6c00_0;
    %flag_set/vec4 9;
    %flag_get/vec4 9;
    %jmp/0 T_1.4, 9;
    %load/vec4 v0x58232e8c68c0_0;
    %nor/r;
    %flag_set/vec4 10;
    %flag_get/vec4 10;
    %jmp/0 T_1.6, 10;
    %load/vec4 v0x58232e8c6740_0;
    %nor/r;
    %and;
T_1.6;
    %flag_set/vec4 9;
    %flag_get/vec4 9;
    %jmp/1 T_1.5, 9;
    %load/vec4 v0x58232e8c68c0_0;
    %flag_set/vec4 9;
    %flag_get/vec4 9;
    %jmp/0 T_1.7, 9;
    %load/vec4 v0x58232e8c6680_0;
    %nor/r;
    %and;
T_1.7;
    %or;
T_1.5;
    %and;
T_1.4;
    %flag_set/vec4 8;
    %jmp/0xz  T_1.2, 8;
    %load/vec4 v0x58232e8c64c0_0;
    %load/vec4 v0x58232e8c6da0_0;
    %pad/u 5;
    %ix/vec4 3;
    %ix/load 4, 0, 0; Constant delay
    %assign/vec4/a/d v0x58232e8c6800, 0, 4;
T_1.2 ;
    %load/vec4 v0x58232e8c6c00_0;
    %flag_set/vec4 10;
    %flag_get/vec4 10;
    %jmp/0 T_1.11, 10;
    %load/vec4 v0x58232e8c68c0_0;
    %and;
T_1.11;
    %flag_set/vec4 9;
    %flag_get/vec4 9;
    %jmp/0 T_1.10, 9;
    %load/vec4 v0x58232e8c6680_0;
    %and;
T_1.10;
    %flag_set/vec4 8;
    %jmp/0xz  T_1.8, 8;
    %load/vec4 v0x58232e8c64c0_0;
    %assign/vec4 v0x58232e8c65a0_0, 0;
    %jmp T_1.9;
T_1.8 ;
    %load/vec4 v0x58232e8c68c0_0;
    %flag_set/vec4 9;
    %flag_get/vec4 9;
    %jmp/0 T_1.14, 9;
    %load/vec4 v0x58232e8c6680_0;
    %nor/r;
    %and;
T_1.14;
    %flag_set/vec4 8;
    %jmp/0xz  T_1.12, 8;
    %load/vec4 v0x58232e8c6a60_0;
    %pad/u 5;
    %ix/vec4 4;
    %load/vec4a v0x58232e8c6800, 4;
    %assign/vec4 v0x58232e8c65a0_0, 0;
    %jmp T_1.13;
T_1.12 ;
    %pushi/vec4 0, 0, 8;
    %assign/vec4 v0x58232e8c65a0_0, 0;
T_1.13 ;
T_1.9 ;
T_1.1 ;
    %jmp T_1;
    .thread T_1;
    .scope S_0x58232e89ef90;
T_2 ;
    %pushi/vec4 1, 0, 1;
    %store/vec4 v0x58232e8c6f80_0, 0, 1;
T_2.0 ;
    %delay 5000, 0;
    %load/vec4 v0x58232e8c6f80_0;
    %inv;
    %store/vec4 v0x58232e8c6f80_0, 0, 1;
    %jmp T_2.0;
    %end;
    .thread T_2;
    .scope S_0x58232e89ef90;
T_3 ;
    %vpi_call/w 3 44 "$dumpfile", "fifo_TB.vcd" {0 0 0};
    %vpi_call/w 3 45 "$dumpvars", 32'sb00000000000000000000000000000000, S_0x58232e89ef90 {0 0 0};
    %pushi/vec4 0, 0, 32;
    %store/vec4 v0x58232e8c7380_0, 0, 32;
T_3.0 ;
    %load/vec4 v0x58232e8c7380_0;
    %cmpi/s 8, 0, 32;
    %jmp/0xz T_3.1, 5;
    %vpi_call/w 3 46 "$dumpvars", 32'sb00000000000000000000000000000000, &A<v0x58232e8c6800, v0x58232e8c7380_0 > {0 0 0};
    %load/vec4 v0x58232e8c7380_0;
    %addi 1, 0, 32;
    %store/vec4 v0x58232e8c7380_0, 0, 32;
    %jmp T_3.0;
T_3.1 ;
    %pushi/vec4 0, 0, 1;
    %store/vec4 v0x58232e8c74f0_0, 0, 1;
    %pushi/vec4 0, 0, 1;
    %store/vec4 v0x58232e8c75c0_0, 0, 1;
    %pushi/vec4 0, 0, 1;
    %store/vec4 v0x58232e8c7420_0, 0, 1;
    %pushi/vec4 0, 0, 8;
    %store/vec4 v0x58232e8c7040_0, 0, 8;
    %delay 20000, 0;
    %pushi/vec4 1, 0, 1;
    %store/vec4 v0x58232e8c74f0_0, 0, 1;
    %delay 10000, 0;
    %vpi_call/w 3 58 "$display", "--- Iniciando pruebas de la FIFO ---" {0 0 0};
    %vpi_call/w 3 61 "$display", "[%0t] TEST 1: Escribiendo datos en la FIFO...", $time {0 0 0};
    %pushi/vec4 1, 0, 1;
    %store/vec4 v0x58232e8c75c0_0, 0, 1;
    %pushi/vec4 8, 0, 32;
T_3.2 %dup/vec4;
    %pushi/vec4 0, 0, 32;
    %cmp/s;
    %jmp/1xz T_3.3, 5;
    %jmp/1 T_3.3, 4;
    %pushi/vec4 1, 0, 32;
    %sub;
    %vpi_func 3 65 "$random" 32 {0 0 0};
    %pad/s 8;
    %store/vec4 v0x58232e8c7040_0, 0, 8;
    %delay 10000, 0;
    %jmp T_3.2;
T_3.3 ;
    %pop/vec4 1;
    %pushi/vec4 0, 0, 1;
    %store/vec4 v0x58232e8c75c0_0, 0, 1;
    %delay 20000, 0;
    %vpi_call/w 3 72 "$display", "[%0t] TEST 2: Leyendo datos de la FIFO...", $time {0 0 0};
    %pushi/vec4 1, 0, 1;
    %store/vec4 v0x58232e8c7420_0, 0, 1;
    %pushi/vec4 11, 0, 32;
T_3.4 %dup/vec4;
    %pushi/vec4 0, 0, 32;
    %cmp/s;
    %jmp/1xz T_3.5, 5;
    %jmp/1 T_3.5, 4;
    %pushi/vec4 1, 0, 32;
    %sub;
    %delay 10000, 0;
    %jmp T_3.4;
T_3.5 ;
    %pop/vec4 1;
    %pushi/vec4 0, 0, 1;
    %store/vec4 v0x58232e8c7420_0, 0, 1;
    %delay 20000, 0;
    %vpi_call/w 3 82 "$display", "[%0t] TEST 3: Escritura y Lectura simult\303\241nea...", $time {0 0 0};
    %pushi/vec4 1, 0, 1;
    %store/vec4 v0x58232e8c7420_0, 0, 1;
    %pushi/vec4 1, 0, 1;
    %store/vec4 v0x58232e8c75c0_0, 0, 1;
    %pushi/vec4 170, 0, 8;
    %store/vec4 v0x58232e8c7040_0, 0, 8;
    %delay 10000, 0;
    %pushi/vec4 1, 0, 1;
    %store/vec4 v0x58232e8c7420_0, 0, 1;
    %pushi/vec4 1, 0, 1;
    %store/vec4 v0x58232e8c75c0_0, 0, 1;
    %pushi/vec4 187, 0, 8;
    %store/vec4 v0x58232e8c7040_0, 0, 8;
    %delay 10000, 0;
    %pushi/vec4 1, 0, 1;
    %store/vec4 v0x58232e8c7420_0, 0, 1;
    %pushi/vec4 1, 0, 1;
    %store/vec4 v0x58232e8c75c0_0, 0, 1;
    %pushi/vec4 204, 0, 8;
    %store/vec4 v0x58232e8c7040_0, 0, 8;
    %delay 10000, 0;
    %pushi/vec4 0, 0, 1;
    %store/vec4 v0x58232e8c75c0_0, 0, 1;
    %delay 10000, 0;
    %pushi/vec4 0, 0, 1;
    %store/vec4 v0x58232e8c7420_0, 0, 1;
    %delay 20000, 0;
    %vpi_call/w 3 93 "$display", "[%0t] --- Pruebas finalizadas ---", $time {0 0 0};
    %vpi_call/w 3 94 "$finish" {0 0 0};
    %end;
    .thread T_3;
    .scope S_0x58232e89ef90;
T_4 ;
    %wait E_0x58232e8901e0;
    %load/vec4 v0x58232e8c75c0_0;
    %flag_set/vec4 10;
    %flag_get/vec4 10;
    %jmp/0 T_4.3, 10;
    %load/vec4 v0x58232e8c72e0_0;
    %nor/r;
    %and;
T_4.3;
    %flag_set/vec4 9;
    %flag_get/vec4 9;
    %jmp/0 T_4.2, 9;
    %load/vec4 v0x58232e8c74f0_0;
    %nor/r;
    %and;
T_4.2;
    %flag_set/vec4 8;
    %jmp/0xz  T_4.0, 8;
    %vpi_call/w 3 100 "$display", "Write: d_in = %h | wr_ptr = %d", v0x58232e8c7040_0, v0x58232e8c6da0_0 {0 0 0};
T_4.0 ;
    %load/vec4 v0x58232e8c7420_0;
    %flag_set/vec4 10;
    %flag_get/vec4 10;
    %jmp/0 T_4.7, 10;
    %load/vec4 v0x58232e8c7210_0;
    %nor/r;
    %and;
T_4.7;
    %flag_set/vec4 9;
    %flag_get/vec4 9;
    %jmp/0 T_4.6, 9;
    %load/vec4 v0x58232e8c74f0_0;
    %nor/r;
    %and;
T_4.6;
    %flag_set/vec4 8;
    %jmp/0xz  T_4.4, 8;
    %load/vec4 v0x58232e8c6a60_0;
    %pad/u 5;
    %ix/vec4 4;
    %load/vec4a v0x58232e8c6800, 4;
    %vpi_call/w 3 102 "$display", "Read:   d_out = %h | rd_ptr = %d", S<0,vec4,u8>, v0x58232e8c6a60_0 {1 0 0};
T_4.4 ;
    %jmp T_4;
    .thread T_4;
# The file index is used to find the file name in the following table.
:file_names 5;
    "N/A";
    "<interactive>";
    "-";
    "sync_fifo_TB.sv";
    "sync_fifo.sv";
